Log started on 18/03/16 at 20:02:56.85 using ADMIN by computer account MASON. 
Using program OMEGA 0.9.0.
[20:02:57.35]:Permission level is perm=5 
[20:03:00.29]:Opened daughter program menu.   
[20:11:18.26]:Logged out   
[20:11:23.26]:Logged out   
[20:11:26.39]:Logged out   
[20:11:27.30]:Logged out   
[20:11:28.15]:Logged out   
[20:11:28.84]:Logged out   
[20:11:31.64]:Logged out   
[20:11:32.78]:Logged out   
[20:11:33.76]:Logged out   
[20:11:34.38]:Logged out   
[20:11:34.95]:Logged out   
[20:11:36.74]:Logged out   
[20:11:48.39]:Logged out   
[20:11:49.18]:Logged out   
[20:11:49.86]:Logged out   
[20:11:50.70]:Logged out   
[20:11:51.74]:Logged out   
[20:11:52.79]:Logged out   
[20:11:54.00]:Logged out   
[20:11:54.53]:Logged out   
[20:11:55.06]:Logged out   
[20:11:55.53]:Logged out   
[20:11:56.02]:Logged out   
[20:11:56.58]:Logged out   
[20:11:57.15]:Logged out   
